Created by PLY version 3.11 (http://www.dabeaz.com/ply)

Unused terminals:

    ABSTRACT
    ACTUAL
    ADDEQ
    AND
    ANNOTATION
    ARROW
    AS
    BOOLEAN
    BREAK
    BY
    CATCH
    COMPANION
    CONST
    CONSTRUCTOR
    CONTINUE
    CROSSINLINE
    DATA
    DECREMENT
    DELIMITED_COMMENT
    DIVEQ
    DIVIDE
    DO
    DOUBLE
    DOUBLECOLON
    DYNAMIC
    ENUM
    EXPECT
    EXTERNAL
    FINAL
    FINALLY
    IMPORT
    INCREMENT
    INFIX
    INIT
    INLINE
    INNER
    INTERFACE
    INTERNAL
    IS
    LATEINIT
    LBRACK
    LINE_COMMENT
    MINUS
    MOD
    MODEQ
    MODULE
    MULTEQ
    NOINLINE
    NOT
    NOTEQ
    NOT_IN
    NOT_IS
    NULL
    OBJECT
    OPEN
    OPERATOR
    OR
    OUT
    OVERRIDE
    PACKAGE
    PLUS
    PRINT
    PRIVATE
    PROTECTED
    PUBLIC
    RANGE
    RBRACK
    REIFIED
    SEALED
    SEMICOLON
    SHEBANG
    SUBEQ
    SUPER
    SUSPEND
    TAILREC
    THIS
    THROW
    TIMES
    TRY
    TYPEOF
    TYPE_ALIAS
    VARARG
    WHEN
    WHERE
    WS

Grammar

Rule 0     S' -> exec
Rule 1     exec -> WHILE LPAREN ID comparation NUMBER RPAREN LBRACE option RBRACE
Rule 2     exec -> CLASS ID LBRACE atribC RBRACE
Rule 3     atrib -> vas ID COLON TYPEDATA ASSIGN data
Rule 4     comparation -> EQEQ
Rule 5     comparation -> GT
Rule 6     comparation -> LT
Rule 7     comparation -> GTEQ
Rule 8     comparation -> LTEQ
Rule 9     print -> PRINTLN LPAREN data RPAREN
Rule 10    printDW -> print
Rule 11    printDW -> print printDW
Rule 12    exec -> FUN ID LPAREN funcionparametro RPAREN COLON data LBRACE RETURN ID RBRACE
Rule 13    data -> NUMBER
Rule 14    data -> CHAR
Rule 15    data -> FLOAT
Rule 16    data -> STRING
Rule 17    atribC -> atrib
Rule 18    atribC -> atrib atribC
Rule 19    option -> assignment
Rule 20    option -> assignmentL
Rule 21    option -> printDW
Rule 22    exec -> IF LPAREN ID comparation NUMBER RPAREN LBRACE option RBRACE
Rule 23    exec -> IF LPAREN ID comparation NUMBER RPAREN LBRACE option RBRACE ELSE LBRACE option RBRACE
Rule 24    assignment -> vas ID ASSIGN data
Rule 25    assignmentL -> assignmentL assignment
Rule 26    assignmentL -> assignment
Rule 27    vas -> VAL
Rule 28    vas -> VAR
Rule 29    exec -> FOR LPAREN ID IN NUMBER RPAREN LBRACE RBRACE
Rule 30    exec -> VAL ID COLON LIST LT liststring RPAREN
Rule 31    liststring -> STRING GT ASSIGN listof LPAREN listadostringproduccion
Rule 32    liststring -> NUMBER GT ASSIGN listof LPAREN listadointproduccion
Rule 33    listadostring -> STRING
Rule 34    listadostringproduccion -> listadostring
Rule 35    listadostringproduccion -> listadostring COMMA listadostringproduccion
Rule 36    listadoint -> NUMBER
Rule 37    listadointproduccion -> listadoint
Rule 38    listadointproduccion -> listadoint COMMA listadointproduccion
Rule 39    exec -> FUN ID LPAREN funcionproduccion RPAREN COLON UNIT LBRACE RBRACE
Rule 40    funcionparametro -> ID COLON funciondato
Rule 41    funciondato -> STRING
Rule 42    funciondato -> NUMBER
Rule 43    funcionproduccion -> funcionparametro
Rule 44    funcionproduccion -> ID COLON funciondato COMMA funcionproduccion
Rule 45    exec -> ID DOT FOR EACH LBRACE PRINTLN LPAREN ID RPAREN RBRACE
Rule 46    exec -> MAPOF LPAREN pares RPAREN
Rule 47    pares -> pair
Rule 48    pares -> pair COMMA pares
Rule 49    pair -> data TO data
Rule 50    exec -> function
Rule 51    function -> FUN ID LPAREN params RPAREN COLON LBRACE RBRACE
Rule 52    params -> param
Rule 53    params -> param COMMA params
Rule 54    param -> ID COLON TYPEDATA
Rule 55    param -> ID COLON TYPEDATA ASSIGN data
Rule 56    exec -> FUN ID LPAREN funcionproduccion RPAREN COLON TYPEDATA ASSIGN assignment

Terminals, with rules where they appear

ABSTRACT             : 
ACTUAL               : 
ADDEQ                : 
AND                  : 
ANNOTATION           : 
ARROW                : 
AS                   : 
ASSIGN               : 3 24 31 32 55 56
BOOLEAN              : 
BREAK                : 
BY                   : 
CATCH                : 
CHAR                 : 14
CLASS                : 2
COLON                : 3 12 30 39 40 44 51 54 55 56
COMMA                : 35 38 44 48 53
COMPANION            : 
CONST                : 
CONSTRUCTOR          : 
CONTINUE             : 
CROSSINLINE          : 
DATA                 : 
DECREMENT            : 
DELIMITED_COMMENT    : 
DIVEQ                : 
DIVIDE               : 
DO                   : 
DOT                  : 45
DOUBLE               : 
DOUBLECOLON          : 
DYNAMIC              : 
EACH                 : 45
ELSE                 : 23
ENUM                 : 
EQEQ                 : 4
EXPECT               : 
EXTERNAL             : 
FINAL                : 
FINALLY              : 
FLOAT                : 15
FOR                  : 29 45
FUN                  : 12 39 51 56
GT                   : 5 31 32
GTEQ                 : 7
ID                   : 1 2 3 12 12 22 23 24 29 30 39 40 44 45 45 51 54 55 56
IF                   : 22 23
IMPORT               : 
IN                   : 29
INCREMENT            : 
INFIX                : 
INIT                 : 
INLINE               : 
INNER                : 
INTERFACE            : 
INTERNAL             : 
IS                   : 
LATEINIT             : 
LBRACE               : 1 2 12 22 23 23 29 39 45 51
LBRACK               : 
LINE_COMMENT         : 
LIST                 : 30
LPAREN               : 1 9 12 22 23 29 31 32 39 45 46 51 56
LT                   : 6 30
LTEQ                 : 8
MAPOF                : 46
MINUS                : 
MOD                  : 
MODEQ                : 
MODULE               : 
MULTEQ               : 
NOINLINE             : 
NOT                  : 
NOTEQ                : 
NOT_IN               : 
NOT_IS               : 
NULL                 : 
NUMBER               : 1 13 22 23 29 32 36 42
OBJECT               : 
OPEN                 : 
OPERATOR             : 
OR                   : 
OUT                  : 
OVERRIDE             : 
PACKAGE              : 
PLUS                 : 
PRINT                : 
PRINTLN              : 9 45
PRIVATE              : 
PROTECTED            : 
PUBLIC               : 
RANGE                : 
RBRACE               : 1 2 12 22 23 23 29 39 45 51
RBRACK               : 
REIFIED              : 
RETURN               : 12
RPAREN               : 1 9 12 22 23 29 30 39 45 46 51 56
SEALED               : 
SEMICOLON            : 
SHEBANG              : 
STRING               : 16 31 33 41
SUBEQ                : 
SUPER                : 
SUSPEND              : 
TAILREC              : 
THIS                 : 
THROW                : 
TIMES                : 
TO                   : 49
TRY                  : 
TYPEDATA             : 3 54 55 56
TYPEOF               : 
TYPE_ALIAS           : 
UNIT                 : 39
VAL                  : 27 30
VAR                  : 28
VARARG               : 
WHEN                 : 
WHERE                : 
WHILE                : 1
WS                   : 
error                : 
listof               : 31 32

Nonterminals, with rules where they appear

assignment           : 19 25 26 56
assignmentL          : 20 25
atrib                : 17 18
atribC               : 2 18
comparation          : 1 22 23
data                 : 3 9 12 24 49 49 55
exec                 : 0
funciondato          : 40 44
funcionparametro     : 12 43
funcionproduccion    : 39 44 56
function             : 50
listadoint           : 37 38
listadointproduccion : 32 38
listadostring        : 34 35
listadostringproduccion : 31 35
liststring           : 30
option               : 1 22 23 23
pair                 : 47 48
param                : 52 53
params               : 51 53
pares                : 46 48
print                : 10 11
printDW              : 11 21
vas                  : 3 24

Parsing method: LALR

state 0

    (0) S' -> . exec
    (1) exec -> . WHILE LPAREN ID comparation NUMBER RPAREN LBRACE option RBRACE
    (2) exec -> . CLASS ID LBRACE atribC RBRACE
    (12) exec -> . FUN ID LPAREN funcionparametro RPAREN COLON data LBRACE RETURN ID RBRACE
    (22) exec -> . IF LPAREN ID comparation NUMBER RPAREN LBRACE option RBRACE
    (23) exec -> . IF LPAREN ID comparation NUMBER RPAREN LBRACE option RBRACE ELSE LBRACE option RBRACE
    (29) exec -> . FOR LPAREN ID IN NUMBER RPAREN LBRACE RBRACE
    (30) exec -> . VAL ID COLON LIST LT liststring RPAREN
    (39) exec -> . FUN ID LPAREN funcionproduccion RPAREN COLON UNIT LBRACE RBRACE
    (45) exec -> . ID DOT FOR EACH LBRACE PRINTLN LPAREN ID RPAREN RBRACE
    (46) exec -> . MAPOF LPAREN pares RPAREN
    (50) exec -> . function
    (56) exec -> . FUN ID LPAREN funcionproduccion RPAREN COLON TYPEDATA ASSIGN assignment
    (51) function -> . FUN ID LPAREN params RPAREN COLON LBRACE RBRACE

    WHILE           shift and go to state 2
    CLASS           shift and go to state 4
    FUN             shift and go to state 5
    IF              shift and go to state 6
    FOR             shift and go to state 7
    VAL             shift and go to state 8
    ID              shift and go to state 3
    MAPOF           shift and go to state 9

    exec                           shift and go to state 1
    function                       shift and go to state 10

state 1

    (0) S' -> exec .



state 2

    (1) exec -> WHILE . LPAREN ID comparation NUMBER RPAREN LBRACE option RBRACE

    LPAREN          shift and go to state 11


state 3

    (45) exec -> ID . DOT FOR EACH LBRACE PRINTLN LPAREN ID RPAREN RBRACE

    DOT             shift and go to state 12


state 4

    (2) exec -> CLASS . ID LBRACE atribC RBRACE

    ID              shift and go to state 13


state 5

    (12) exec -> FUN . ID LPAREN funcionparametro RPAREN COLON data LBRACE RETURN ID RBRACE
    (39) exec -> FUN . ID LPAREN funcionproduccion RPAREN COLON UNIT LBRACE RBRACE
    (56) exec -> FUN . ID LPAREN funcionproduccion RPAREN COLON TYPEDATA ASSIGN assignment
    (51) function -> FUN . ID LPAREN params RPAREN COLON LBRACE RBRACE

    ID              shift and go to state 14


state 6

    (22) exec -> IF . LPAREN ID comparation NUMBER RPAREN LBRACE option RBRACE
    (23) exec -> IF . LPAREN ID comparation NUMBER RPAREN LBRACE option RBRACE ELSE LBRACE option RBRACE

    LPAREN          shift and go to state 15


state 7

    (29) exec -> FOR . LPAREN ID IN NUMBER RPAREN LBRACE RBRACE

    LPAREN          shift and go to state 16


state 8

    (30) exec -> VAL . ID COLON LIST LT liststring RPAREN

    ID              shift and go to state 17


state 9

    (46) exec -> MAPOF . LPAREN pares RPAREN

    LPAREN          shift and go to state 18


state 10

    (50) exec -> function .

    $end            reduce using rule 50 (exec -> function .)


state 11

    (1) exec -> WHILE LPAREN . ID comparation NUMBER RPAREN LBRACE option RBRACE

    ID              shift and go to state 19


state 12

    (45) exec -> ID DOT . FOR EACH LBRACE PRINTLN LPAREN ID RPAREN RBRACE

    FOR             shift and go to state 20


state 13

    (2) exec -> CLASS ID . LBRACE atribC RBRACE

    LBRACE          shift and go to state 21


state 14

    (12) exec -> FUN ID . LPAREN funcionparametro RPAREN COLON data LBRACE RETURN ID RBRACE
    (39) exec -> FUN ID . LPAREN funcionproduccion RPAREN COLON UNIT LBRACE RBRACE
    (56) exec -> FUN ID . LPAREN funcionproduccion RPAREN COLON TYPEDATA ASSIGN assignment
    (51) function -> FUN ID . LPAREN params RPAREN COLON LBRACE RBRACE

    LPAREN          shift and go to state 22


state 15

    (22) exec -> IF LPAREN . ID comparation NUMBER RPAREN LBRACE option RBRACE
    (23) exec -> IF LPAREN . ID comparation NUMBER RPAREN LBRACE option RBRACE ELSE LBRACE option RBRACE

    ID              shift and go to state 23


state 16

    (29) exec -> FOR LPAREN . ID IN NUMBER RPAREN LBRACE RBRACE

    ID              shift and go to state 24


state 17

    (30) exec -> VAL ID . COLON LIST LT liststring RPAREN

    COLON           shift and go to state 25


state 18

    (46) exec -> MAPOF LPAREN . pares RPAREN
    (47) pares -> . pair
    (48) pares -> . pair COMMA pares
    (49) pair -> . data TO data
    (13) data -> . NUMBER
    (14) data -> . CHAR
    (15) data -> . FLOAT
    (16) data -> . STRING

    NUMBER          shift and go to state 29
    CHAR            shift and go to state 30
    FLOAT           shift and go to state 31
    STRING          shift and go to state 32

    pares                          shift and go to state 26
    pair                           shift and go to state 27
    data                           shift and go to state 28

state 19

    (1) exec -> WHILE LPAREN ID . comparation NUMBER RPAREN LBRACE option RBRACE
    (4) comparation -> . EQEQ
    (5) comparation -> . GT
    (6) comparation -> . LT
    (7) comparation -> . GTEQ
    (8) comparation -> . LTEQ

    EQEQ            shift and go to state 34
    GT              shift and go to state 35
    LT              shift and go to state 36
    GTEQ            shift and go to state 37
    LTEQ            shift and go to state 38

    comparation                    shift and go to state 33

state 20

    (45) exec -> ID DOT FOR . EACH LBRACE PRINTLN LPAREN ID RPAREN RBRACE

    EACH            shift and go to state 39


state 21

    (2) exec -> CLASS ID LBRACE . atribC RBRACE
    (17) atribC -> . atrib
    (18) atribC -> . atrib atribC
    (3) atrib -> . vas ID COLON TYPEDATA ASSIGN data
    (27) vas -> . VAL
    (28) vas -> . VAR

    VAL             shift and go to state 43
    VAR             shift and go to state 44

    atribC                         shift and go to state 40
    atrib                          shift and go to state 41
    vas                            shift and go to state 42

state 22

    (12) exec -> FUN ID LPAREN . funcionparametro RPAREN COLON data LBRACE RETURN ID RBRACE
    (39) exec -> FUN ID LPAREN . funcionproduccion RPAREN COLON UNIT LBRACE RBRACE
    (56) exec -> FUN ID LPAREN . funcionproduccion RPAREN COLON TYPEDATA ASSIGN assignment
    (51) function -> FUN ID LPAREN . params RPAREN COLON LBRACE RBRACE
    (40) funcionparametro -> . ID COLON funciondato
    (43) funcionproduccion -> . funcionparametro
    (44) funcionproduccion -> . ID COLON funciondato COMMA funcionproduccion
    (52) params -> . param
    (53) params -> . param COMMA params
    (54) param -> . ID COLON TYPEDATA
    (55) param -> . ID COLON TYPEDATA ASSIGN data

    ID              shift and go to state 45

    funcionparametro               shift and go to state 46
    funcionproduccion              shift and go to state 47
    params                         shift and go to state 48
    param                          shift and go to state 49

state 23

    (22) exec -> IF LPAREN ID . comparation NUMBER RPAREN LBRACE option RBRACE
    (23) exec -> IF LPAREN ID . comparation NUMBER RPAREN LBRACE option RBRACE ELSE LBRACE option RBRACE
    (4) comparation -> . EQEQ
    (5) comparation -> . GT
    (6) comparation -> . LT
    (7) comparation -> . GTEQ
    (8) comparation -> . LTEQ

    EQEQ            shift and go to state 34
    GT              shift and go to state 35
    LT              shift and go to state 36
    GTEQ            shift and go to state 37
    LTEQ            shift and go to state 38

    comparation                    shift and go to state 50

state 24

    (29) exec -> FOR LPAREN ID . IN NUMBER RPAREN LBRACE RBRACE

    IN              shift and go to state 51


state 25

    (30) exec -> VAL ID COLON . LIST LT liststring RPAREN

    LIST            shift and go to state 52


state 26

    (46) exec -> MAPOF LPAREN pares . RPAREN

    RPAREN          shift and go to state 53


state 27

    (47) pares -> pair .
    (48) pares -> pair . COMMA pares

    RPAREN          reduce using rule 47 (pares -> pair .)
    COMMA           shift and go to state 54


state 28

    (49) pair -> data . TO data

    TO              shift and go to state 55


state 29

    (13) data -> NUMBER .

    TO              reduce using rule 13 (data -> NUMBER .)
    COMMA           reduce using rule 13 (data -> NUMBER .)
    RPAREN          reduce using rule 13 (data -> NUMBER .)
    LBRACE          reduce using rule 13 (data -> NUMBER .)
    VAL             reduce using rule 13 (data -> NUMBER .)
    VAR             reduce using rule 13 (data -> NUMBER .)
    RBRACE          reduce using rule 13 (data -> NUMBER .)
    $end            reduce using rule 13 (data -> NUMBER .)


state 30

    (14) data -> CHAR .

    TO              reduce using rule 14 (data -> CHAR .)
    COMMA           reduce using rule 14 (data -> CHAR .)
    RPAREN          reduce using rule 14 (data -> CHAR .)
    LBRACE          reduce using rule 14 (data -> CHAR .)
    VAL             reduce using rule 14 (data -> CHAR .)
    VAR             reduce using rule 14 (data -> CHAR .)
    RBRACE          reduce using rule 14 (data -> CHAR .)
    $end            reduce using rule 14 (data -> CHAR .)


state 31

    (15) data -> FLOAT .

    TO              reduce using rule 15 (data -> FLOAT .)
    COMMA           reduce using rule 15 (data -> FLOAT .)
    RPAREN          reduce using rule 15 (data -> FLOAT .)
    LBRACE          reduce using rule 15 (data -> FLOAT .)
    VAL             reduce using rule 15 (data -> FLOAT .)
    VAR             reduce using rule 15 (data -> FLOAT .)
    RBRACE          reduce using rule 15 (data -> FLOAT .)
    $end            reduce using rule 15 (data -> FLOAT .)


state 32

    (16) data -> STRING .

    TO              reduce using rule 16 (data -> STRING .)
    COMMA           reduce using rule 16 (data -> STRING .)
    RPAREN          reduce using rule 16 (data -> STRING .)
    LBRACE          reduce using rule 16 (data -> STRING .)
    VAL             reduce using rule 16 (data -> STRING .)
    VAR             reduce using rule 16 (data -> STRING .)
    RBRACE          reduce using rule 16 (data -> STRING .)
    $end            reduce using rule 16 (data -> STRING .)


state 33

    (1) exec -> WHILE LPAREN ID comparation . NUMBER RPAREN LBRACE option RBRACE

    NUMBER          shift and go to state 56


state 34

    (4) comparation -> EQEQ .

    NUMBER          reduce using rule 4 (comparation -> EQEQ .)


state 35

    (5) comparation -> GT .

    NUMBER          reduce using rule 5 (comparation -> GT .)


state 36

    (6) comparation -> LT .

    NUMBER          reduce using rule 6 (comparation -> LT .)


state 37

    (7) comparation -> GTEQ .

    NUMBER          reduce using rule 7 (comparation -> GTEQ .)


state 38

    (8) comparation -> LTEQ .

    NUMBER          reduce using rule 8 (comparation -> LTEQ .)


state 39

    (45) exec -> ID DOT FOR EACH . LBRACE PRINTLN LPAREN ID RPAREN RBRACE

    LBRACE          shift and go to state 57


state 40

    (2) exec -> CLASS ID LBRACE atribC . RBRACE

    RBRACE          shift and go to state 58


state 41

    (17) atribC -> atrib .
    (18) atribC -> atrib . atribC
    (17) atribC -> . atrib
    (18) atribC -> . atrib atribC
    (3) atrib -> . vas ID COLON TYPEDATA ASSIGN data
    (27) vas -> . VAL
    (28) vas -> . VAR

    RBRACE          reduce using rule 17 (atribC -> atrib .)
    VAL             shift and go to state 43
    VAR             shift and go to state 44

    atrib                          shift and go to state 41
    atribC                         shift and go to state 59
    vas                            shift and go to state 42

state 42

    (3) atrib -> vas . ID COLON TYPEDATA ASSIGN data

    ID              shift and go to state 60


state 43

    (27) vas -> VAL .

    ID              reduce using rule 27 (vas -> VAL .)


state 44

    (28) vas -> VAR .

    ID              reduce using rule 28 (vas -> VAR .)


state 45

    (40) funcionparametro -> ID . COLON funciondato
    (44) funcionproduccion -> ID . COLON funciondato COMMA funcionproduccion
    (54) param -> ID . COLON TYPEDATA
    (55) param -> ID . COLON TYPEDATA ASSIGN data

    COLON           shift and go to state 61


state 46

    (12) exec -> FUN ID LPAREN funcionparametro . RPAREN COLON data LBRACE RETURN ID RBRACE
    (43) funcionproduccion -> funcionparametro .

  ! shift/reduce conflict for RPAREN resolved as shift
    RPAREN          shift and go to state 62

  ! RPAREN          [ reduce using rule 43 (funcionproduccion -> funcionparametro .) ]


state 47

    (39) exec -> FUN ID LPAREN funcionproduccion . RPAREN COLON UNIT LBRACE RBRACE
    (56) exec -> FUN ID LPAREN funcionproduccion . RPAREN COLON TYPEDATA ASSIGN assignment

    RPAREN          shift and go to state 63


state 48

    (51) function -> FUN ID LPAREN params . RPAREN COLON LBRACE RBRACE

    RPAREN          shift and go to state 64


state 49

    (52) params -> param .
    (53) params -> param . COMMA params

    RPAREN          reduce using rule 52 (params -> param .)
    COMMA           shift and go to state 65


state 50

    (22) exec -> IF LPAREN ID comparation . NUMBER RPAREN LBRACE option RBRACE
    (23) exec -> IF LPAREN ID comparation . NUMBER RPAREN LBRACE option RBRACE ELSE LBRACE option RBRACE

    NUMBER          shift and go to state 66


state 51

    (29) exec -> FOR LPAREN ID IN . NUMBER RPAREN LBRACE RBRACE

    NUMBER          shift and go to state 67


state 52

    (30) exec -> VAL ID COLON LIST . LT liststring RPAREN

    LT              shift and go to state 68


state 53

    (46) exec -> MAPOF LPAREN pares RPAREN .

    $end            reduce using rule 46 (exec -> MAPOF LPAREN pares RPAREN .)


state 54

    (48) pares -> pair COMMA . pares
    (47) pares -> . pair
    (48) pares -> . pair COMMA pares
    (49) pair -> . data TO data
    (13) data -> . NUMBER
    (14) data -> . CHAR
    (15) data -> . FLOAT
    (16) data -> . STRING

    NUMBER          shift and go to state 29
    CHAR            shift and go to state 30
    FLOAT           shift and go to state 31
    STRING          shift and go to state 32

    pair                           shift and go to state 27
    pares                          shift and go to state 69
    data                           shift and go to state 28

state 55

    (49) pair -> data TO . data
    (13) data -> . NUMBER
    (14) data -> . CHAR
    (15) data -> . FLOAT
    (16) data -> . STRING

    NUMBER          shift and go to state 29
    CHAR            shift and go to state 30
    FLOAT           shift and go to state 31
    STRING          shift and go to state 32

    data                           shift and go to state 70

state 56

    (1) exec -> WHILE LPAREN ID comparation NUMBER . RPAREN LBRACE option RBRACE

    RPAREN          shift and go to state 71


state 57

    (45) exec -> ID DOT FOR EACH LBRACE . PRINTLN LPAREN ID RPAREN RBRACE

    PRINTLN         shift and go to state 72


state 58

    (2) exec -> CLASS ID LBRACE atribC RBRACE .

    $end            reduce using rule 2 (exec -> CLASS ID LBRACE atribC RBRACE .)


state 59

    (18) atribC -> atrib atribC .

    RBRACE          reduce using rule 18 (atribC -> atrib atribC .)


state 60

    (3) atrib -> vas ID . COLON TYPEDATA ASSIGN data

    COLON           shift and go to state 73


state 61

    (40) funcionparametro -> ID COLON . funciondato
    (44) funcionproduccion -> ID COLON . funciondato COMMA funcionproduccion
    (54) param -> ID COLON . TYPEDATA
    (55) param -> ID COLON . TYPEDATA ASSIGN data
    (41) funciondato -> . STRING
    (42) funciondato -> . NUMBER

    TYPEDATA        shift and go to state 75
    STRING          shift and go to state 76
    NUMBER          shift and go to state 77

    funciondato                    shift and go to state 74

state 62

    (12) exec -> FUN ID LPAREN funcionparametro RPAREN . COLON data LBRACE RETURN ID RBRACE

    COLON           shift and go to state 78


state 63

    (39) exec -> FUN ID LPAREN funcionproduccion RPAREN . COLON UNIT LBRACE RBRACE
    (56) exec -> FUN ID LPAREN funcionproduccion RPAREN . COLON TYPEDATA ASSIGN assignment

    COLON           shift and go to state 79


state 64

    (51) function -> FUN ID LPAREN params RPAREN . COLON LBRACE RBRACE

    COLON           shift and go to state 80


state 65

    (53) params -> param COMMA . params
    (52) params -> . param
    (53) params -> . param COMMA params
    (54) param -> . ID COLON TYPEDATA
    (55) param -> . ID COLON TYPEDATA ASSIGN data

    ID              shift and go to state 82

    param                          shift and go to state 49
    params                         shift and go to state 81

state 66

    (22) exec -> IF LPAREN ID comparation NUMBER . RPAREN LBRACE option RBRACE
    (23) exec -> IF LPAREN ID comparation NUMBER . RPAREN LBRACE option RBRACE ELSE LBRACE option RBRACE

    RPAREN          shift and go to state 83


state 67

    (29) exec -> FOR LPAREN ID IN NUMBER . RPAREN LBRACE RBRACE

    RPAREN          shift and go to state 84


state 68

    (30) exec -> VAL ID COLON LIST LT . liststring RPAREN
    (31) liststring -> . STRING GT ASSIGN listof LPAREN listadostringproduccion
    (32) liststring -> . NUMBER GT ASSIGN listof LPAREN listadointproduccion

    STRING          shift and go to state 86
    NUMBER          shift and go to state 87

    liststring                     shift and go to state 85

state 69

    (48) pares -> pair COMMA pares .

    RPAREN          reduce using rule 48 (pares -> pair COMMA pares .)


state 70

    (49) pair -> data TO data .

    COMMA           reduce using rule 49 (pair -> data TO data .)
    RPAREN          reduce using rule 49 (pair -> data TO data .)


state 71

    (1) exec -> WHILE LPAREN ID comparation NUMBER RPAREN . LBRACE option RBRACE

    LBRACE          shift and go to state 88


state 72

    (45) exec -> ID DOT FOR EACH LBRACE PRINTLN . LPAREN ID RPAREN RBRACE

    LPAREN          shift and go to state 89


state 73

    (3) atrib -> vas ID COLON . TYPEDATA ASSIGN data

    TYPEDATA        shift and go to state 90


state 74

    (40) funcionparametro -> ID COLON funciondato .
    (44) funcionproduccion -> ID COLON funciondato . COMMA funcionproduccion

    RPAREN          reduce using rule 40 (funcionparametro -> ID COLON funciondato .)
    COMMA           shift and go to state 91


state 75

    (54) param -> ID COLON TYPEDATA .
    (55) param -> ID COLON TYPEDATA . ASSIGN data

    COMMA           reduce using rule 54 (param -> ID COLON TYPEDATA .)
    RPAREN          reduce using rule 54 (param -> ID COLON TYPEDATA .)
    ASSIGN          shift and go to state 92


state 76

    (41) funciondato -> STRING .

    COMMA           reduce using rule 41 (funciondato -> STRING .)
    RPAREN          reduce using rule 41 (funciondato -> STRING .)


state 77

    (42) funciondato -> NUMBER .

    COMMA           reduce using rule 42 (funciondato -> NUMBER .)
    RPAREN          reduce using rule 42 (funciondato -> NUMBER .)


state 78

    (12) exec -> FUN ID LPAREN funcionparametro RPAREN COLON . data LBRACE RETURN ID RBRACE
    (13) data -> . NUMBER
    (14) data -> . CHAR
    (15) data -> . FLOAT
    (16) data -> . STRING

    NUMBER          shift and go to state 29
    CHAR            shift and go to state 30
    FLOAT           shift and go to state 31
    STRING          shift and go to state 32

    data                           shift and go to state 93

state 79

    (39) exec -> FUN ID LPAREN funcionproduccion RPAREN COLON . UNIT LBRACE RBRACE
    (56) exec -> FUN ID LPAREN funcionproduccion RPAREN COLON . TYPEDATA ASSIGN assignment

    UNIT            shift and go to state 94
    TYPEDATA        shift and go to state 95


state 80

    (51) function -> FUN ID LPAREN params RPAREN COLON . LBRACE RBRACE

    LBRACE          shift and go to state 96


state 81

    (53) params -> param COMMA params .

    RPAREN          reduce using rule 53 (params -> param COMMA params .)


state 82

    (54) param -> ID . COLON TYPEDATA
    (55) param -> ID . COLON TYPEDATA ASSIGN data

    COLON           shift and go to state 97


state 83

    (22) exec -> IF LPAREN ID comparation NUMBER RPAREN . LBRACE option RBRACE
    (23) exec -> IF LPAREN ID comparation NUMBER RPAREN . LBRACE option RBRACE ELSE LBRACE option RBRACE

    LBRACE          shift and go to state 98


state 84

    (29) exec -> FOR LPAREN ID IN NUMBER RPAREN . LBRACE RBRACE

    LBRACE          shift and go to state 99


state 85

    (30) exec -> VAL ID COLON LIST LT liststring . RPAREN

    RPAREN          shift and go to state 100


state 86

    (31) liststring -> STRING . GT ASSIGN listof LPAREN listadostringproduccion

    GT              shift and go to state 101


state 87

    (32) liststring -> NUMBER . GT ASSIGN listof LPAREN listadointproduccion

    GT              shift and go to state 102


state 88

    (1) exec -> WHILE LPAREN ID comparation NUMBER RPAREN LBRACE . option RBRACE
    (19) option -> . assignment
    (20) option -> . assignmentL
    (21) option -> . printDW
    (24) assignment -> . vas ID ASSIGN data
    (25) assignmentL -> . assignmentL assignment
    (26) assignmentL -> . assignment
    (10) printDW -> . print
    (11) printDW -> . print printDW
    (27) vas -> . VAL
    (28) vas -> . VAR
    (9) print -> . PRINTLN LPAREN data RPAREN

    VAL             shift and go to state 43
    VAR             shift and go to state 44
    PRINTLN         shift and go to state 109

    option                         shift and go to state 103
    assignment                     shift and go to state 104
    assignmentL                    shift and go to state 105
    printDW                        shift and go to state 106
    vas                            shift and go to state 107
    print                          shift and go to state 108

state 89

    (45) exec -> ID DOT FOR EACH LBRACE PRINTLN LPAREN . ID RPAREN RBRACE

    ID              shift and go to state 110


state 90

    (3) atrib -> vas ID COLON TYPEDATA . ASSIGN data

    ASSIGN          shift and go to state 111


state 91

    (44) funcionproduccion -> ID COLON funciondato COMMA . funcionproduccion
    (43) funcionproduccion -> . funcionparametro
    (44) funcionproduccion -> . ID COLON funciondato COMMA funcionproduccion
    (40) funcionparametro -> . ID COLON funciondato

    ID              shift and go to state 112

    funcionproduccion              shift and go to state 113
    funcionparametro               shift and go to state 114

state 92

    (55) param -> ID COLON TYPEDATA ASSIGN . data
    (13) data -> . NUMBER
    (14) data -> . CHAR
    (15) data -> . FLOAT
    (16) data -> . STRING

    NUMBER          shift and go to state 29
    CHAR            shift and go to state 30
    FLOAT           shift and go to state 31
    STRING          shift and go to state 32

    data                           shift and go to state 115

state 93

    (12) exec -> FUN ID LPAREN funcionparametro RPAREN COLON data . LBRACE RETURN ID RBRACE

    LBRACE          shift and go to state 116


state 94

    (39) exec -> FUN ID LPAREN funcionproduccion RPAREN COLON UNIT . LBRACE RBRACE

    LBRACE          shift and go to state 117


state 95

    (56) exec -> FUN ID LPAREN funcionproduccion RPAREN COLON TYPEDATA . ASSIGN assignment

    ASSIGN          shift and go to state 118


state 96

    (51) function -> FUN ID LPAREN params RPAREN COLON LBRACE . RBRACE

    RBRACE          shift and go to state 119


state 97

    (54) param -> ID COLON . TYPEDATA
    (55) param -> ID COLON . TYPEDATA ASSIGN data

    TYPEDATA        shift and go to state 75


state 98

    (22) exec -> IF LPAREN ID comparation NUMBER RPAREN LBRACE . option RBRACE
    (23) exec -> IF LPAREN ID comparation NUMBER RPAREN LBRACE . option RBRACE ELSE LBRACE option RBRACE
    (19) option -> . assignment
    (20) option -> . assignmentL
    (21) option -> . printDW
    (24) assignment -> . vas ID ASSIGN data
    (25) assignmentL -> . assignmentL assignment
    (26) assignmentL -> . assignment
    (10) printDW -> . print
    (11) printDW -> . print printDW
    (27) vas -> . VAL
    (28) vas -> . VAR
    (9) print -> . PRINTLN LPAREN data RPAREN

    VAL             shift and go to state 43
    VAR             shift and go to state 44
    PRINTLN         shift and go to state 109

    option                         shift and go to state 120
    assignment                     shift and go to state 104
    assignmentL                    shift and go to state 105
    printDW                        shift and go to state 106
    vas                            shift and go to state 107
    print                          shift and go to state 108

state 99

    (29) exec -> FOR LPAREN ID IN NUMBER RPAREN LBRACE . RBRACE

    RBRACE          shift and go to state 121


state 100

    (30) exec -> VAL ID COLON LIST LT liststring RPAREN .

    $end            reduce using rule 30 (exec -> VAL ID COLON LIST LT liststring RPAREN .)


state 101

    (31) liststring -> STRING GT . ASSIGN listof LPAREN listadostringproduccion

    ASSIGN          shift and go to state 122


state 102

    (32) liststring -> NUMBER GT . ASSIGN listof LPAREN listadointproduccion

    ASSIGN          shift and go to state 123


state 103

    (1) exec -> WHILE LPAREN ID comparation NUMBER RPAREN LBRACE option . RBRACE

    RBRACE          shift and go to state 124


state 104

    (19) option -> assignment .
    (26) assignmentL -> assignment .

  ! reduce/reduce conflict for RBRACE resolved using rule 19 (option -> assignment .)
    RBRACE          reduce using rule 19 (option -> assignment .)
    VAL             reduce using rule 26 (assignmentL -> assignment .)
    VAR             reduce using rule 26 (assignmentL -> assignment .)

  ! RBRACE          [ reduce using rule 26 (assignmentL -> assignment .) ]


state 105

    (20) option -> assignmentL .
    (25) assignmentL -> assignmentL . assignment
    (24) assignment -> . vas ID ASSIGN data
    (27) vas -> . VAL
    (28) vas -> . VAR

    RBRACE          reduce using rule 20 (option -> assignmentL .)
    VAL             shift and go to state 43
    VAR             shift and go to state 44

    assignment                     shift and go to state 125
    vas                            shift and go to state 107

state 106

    (21) option -> printDW .

    RBRACE          reduce using rule 21 (option -> printDW .)


state 107

    (24) assignment -> vas . ID ASSIGN data

    ID              shift and go to state 126


state 108

    (10) printDW -> print .
    (11) printDW -> print . printDW
    (10) printDW -> . print
    (11) printDW -> . print printDW
    (9) print -> . PRINTLN LPAREN data RPAREN

    RBRACE          reduce using rule 10 (printDW -> print .)
    PRINTLN         shift and go to state 109

    print                          shift and go to state 108
    printDW                        shift and go to state 127

state 109

    (9) print -> PRINTLN . LPAREN data RPAREN

    LPAREN          shift and go to state 128


state 110

    (45) exec -> ID DOT FOR EACH LBRACE PRINTLN LPAREN ID . RPAREN RBRACE

    RPAREN          shift and go to state 129


state 111

    (3) atrib -> vas ID COLON TYPEDATA ASSIGN . data
    (13) data -> . NUMBER
    (14) data -> . CHAR
    (15) data -> . FLOAT
    (16) data -> . STRING

    NUMBER          shift and go to state 29
    CHAR            shift and go to state 30
    FLOAT           shift and go to state 31
    STRING          shift and go to state 32

    data                           shift and go to state 130

state 112

    (44) funcionproduccion -> ID . COLON funciondato COMMA funcionproduccion
    (40) funcionparametro -> ID . COLON funciondato

    COLON           shift and go to state 131


state 113

    (44) funcionproduccion -> ID COLON funciondato COMMA funcionproduccion .

    RPAREN          reduce using rule 44 (funcionproduccion -> ID COLON funciondato COMMA funcionproduccion .)


state 114

    (43) funcionproduccion -> funcionparametro .

    RPAREN          reduce using rule 43 (funcionproduccion -> funcionparametro .)


state 115

    (55) param -> ID COLON TYPEDATA ASSIGN data .

    COMMA           reduce using rule 55 (param -> ID COLON TYPEDATA ASSIGN data .)
    RPAREN          reduce using rule 55 (param -> ID COLON TYPEDATA ASSIGN data .)


state 116

    (12) exec -> FUN ID LPAREN funcionparametro RPAREN COLON data LBRACE . RETURN ID RBRACE

    RETURN          shift and go to state 132


state 117

    (39) exec -> FUN ID LPAREN funcionproduccion RPAREN COLON UNIT LBRACE . RBRACE

    RBRACE          shift and go to state 133


state 118

    (56) exec -> FUN ID LPAREN funcionproduccion RPAREN COLON TYPEDATA ASSIGN . assignment
    (24) assignment -> . vas ID ASSIGN data
    (27) vas -> . VAL
    (28) vas -> . VAR

    VAL             shift and go to state 43
    VAR             shift and go to state 44

    assignment                     shift and go to state 134
    vas                            shift and go to state 107

state 119

    (51) function -> FUN ID LPAREN params RPAREN COLON LBRACE RBRACE .

    $end            reduce using rule 51 (function -> FUN ID LPAREN params RPAREN COLON LBRACE RBRACE .)


state 120

    (22) exec -> IF LPAREN ID comparation NUMBER RPAREN LBRACE option . RBRACE
    (23) exec -> IF LPAREN ID comparation NUMBER RPAREN LBRACE option . RBRACE ELSE LBRACE option RBRACE

    RBRACE          shift and go to state 135


state 121

    (29) exec -> FOR LPAREN ID IN NUMBER RPAREN LBRACE RBRACE .

    $end            reduce using rule 29 (exec -> FOR LPAREN ID IN NUMBER RPAREN LBRACE RBRACE .)


state 122

    (31) liststring -> STRING GT ASSIGN . listof LPAREN listadostringproduccion

    listof          shift and go to state 136


state 123

    (32) liststring -> NUMBER GT ASSIGN . listof LPAREN listadointproduccion

    listof          shift and go to state 137


state 124

    (1) exec -> WHILE LPAREN ID comparation NUMBER RPAREN LBRACE option RBRACE .

    $end            reduce using rule 1 (exec -> WHILE LPAREN ID comparation NUMBER RPAREN LBRACE option RBRACE .)


state 125

    (25) assignmentL -> assignmentL assignment .

    VAL             reduce using rule 25 (assignmentL -> assignmentL assignment .)
    VAR             reduce using rule 25 (assignmentL -> assignmentL assignment .)
    RBRACE          reduce using rule 25 (assignmentL -> assignmentL assignment .)


state 126

    (24) assignment -> vas ID . ASSIGN data

    ASSIGN          shift and go to state 138


state 127

    (11) printDW -> print printDW .

    RBRACE          reduce using rule 11 (printDW -> print printDW .)


state 128

    (9) print -> PRINTLN LPAREN . data RPAREN
    (13) data -> . NUMBER
    (14) data -> . CHAR
    (15) data -> . FLOAT
    (16) data -> . STRING

    NUMBER          shift and go to state 29
    CHAR            shift and go to state 30
    FLOAT           shift and go to state 31
    STRING          shift and go to state 32

    data                           shift and go to state 139

state 129

    (45) exec -> ID DOT FOR EACH LBRACE PRINTLN LPAREN ID RPAREN . RBRACE

    RBRACE          shift and go to state 140


state 130

    (3) atrib -> vas ID COLON TYPEDATA ASSIGN data .

    VAL             reduce using rule 3 (atrib -> vas ID COLON TYPEDATA ASSIGN data .)
    VAR             reduce using rule 3 (atrib -> vas ID COLON TYPEDATA ASSIGN data .)
    RBRACE          reduce using rule 3 (atrib -> vas ID COLON TYPEDATA ASSIGN data .)


state 131

    (44) funcionproduccion -> ID COLON . funciondato COMMA funcionproduccion
    (40) funcionparametro -> ID COLON . funciondato
    (41) funciondato -> . STRING
    (42) funciondato -> . NUMBER

    STRING          shift and go to state 76
    NUMBER          shift and go to state 77

    funciondato                    shift and go to state 141

state 132

    (12) exec -> FUN ID LPAREN funcionparametro RPAREN COLON data LBRACE RETURN . ID RBRACE

    ID              shift and go to state 142


state 133

    (39) exec -> FUN ID LPAREN funcionproduccion RPAREN COLON UNIT LBRACE RBRACE .

    $end            reduce using rule 39 (exec -> FUN ID LPAREN funcionproduccion RPAREN COLON UNIT LBRACE RBRACE .)


state 134

    (56) exec -> FUN ID LPAREN funcionproduccion RPAREN COLON TYPEDATA ASSIGN assignment .

    $end            reduce using rule 56 (exec -> FUN ID LPAREN funcionproduccion RPAREN COLON TYPEDATA ASSIGN assignment .)


state 135

    (22) exec -> IF LPAREN ID comparation NUMBER RPAREN LBRACE option RBRACE .
    (23) exec -> IF LPAREN ID comparation NUMBER RPAREN LBRACE option RBRACE . ELSE LBRACE option RBRACE

    $end            reduce using rule 22 (exec -> IF LPAREN ID comparation NUMBER RPAREN LBRACE option RBRACE .)
    ELSE            shift and go to state 143


state 136

    (31) liststring -> STRING GT ASSIGN listof . LPAREN listadostringproduccion

    LPAREN          shift and go to state 144


state 137

    (32) liststring -> NUMBER GT ASSIGN listof . LPAREN listadointproduccion

    LPAREN          shift and go to state 145


state 138

    (24) assignment -> vas ID ASSIGN . data
    (13) data -> . NUMBER
    (14) data -> . CHAR
    (15) data -> . FLOAT
    (16) data -> . STRING

    NUMBER          shift and go to state 29
    CHAR            shift and go to state 30
    FLOAT           shift and go to state 31
    STRING          shift and go to state 32

    data                           shift and go to state 146

state 139

    (9) print -> PRINTLN LPAREN data . RPAREN

    RPAREN          shift and go to state 147


state 140

    (45) exec -> ID DOT FOR EACH LBRACE PRINTLN LPAREN ID RPAREN RBRACE .

    $end            reduce using rule 45 (exec -> ID DOT FOR EACH LBRACE PRINTLN LPAREN ID RPAREN RBRACE .)


state 141

    (44) funcionproduccion -> ID COLON funciondato . COMMA funcionproduccion
    (40) funcionparametro -> ID COLON funciondato .

    COMMA           shift and go to state 91
    RPAREN          reduce using rule 40 (funcionparametro -> ID COLON funciondato .)


state 142

    (12) exec -> FUN ID LPAREN funcionparametro RPAREN COLON data LBRACE RETURN ID . RBRACE

    RBRACE          shift and go to state 148


state 143

    (23) exec -> IF LPAREN ID comparation NUMBER RPAREN LBRACE option RBRACE ELSE . LBRACE option RBRACE

    LBRACE          shift and go to state 149


state 144

    (31) liststring -> STRING GT ASSIGN listof LPAREN . listadostringproduccion
    (34) listadostringproduccion -> . listadostring
    (35) listadostringproduccion -> . listadostring COMMA listadostringproduccion
    (33) listadostring -> . STRING

    STRING          shift and go to state 150

    listadostringproduccion        shift and go to state 151
    listadostring                  shift and go to state 152

state 145

    (32) liststring -> NUMBER GT ASSIGN listof LPAREN . listadointproduccion
    (37) listadointproduccion -> . listadoint
    (38) listadointproduccion -> . listadoint COMMA listadointproduccion
    (36) listadoint -> . NUMBER

    NUMBER          shift and go to state 153

    listadointproduccion           shift and go to state 154
    listadoint                     shift and go to state 155

state 146

    (24) assignment -> vas ID ASSIGN data .

    RBRACE          reduce using rule 24 (assignment -> vas ID ASSIGN data .)
    VAL             reduce using rule 24 (assignment -> vas ID ASSIGN data .)
    VAR             reduce using rule 24 (assignment -> vas ID ASSIGN data .)
    $end            reduce using rule 24 (assignment -> vas ID ASSIGN data .)


state 147

    (9) print -> PRINTLN LPAREN data RPAREN .

    PRINTLN         reduce using rule 9 (print -> PRINTLN LPAREN data RPAREN .)
    RBRACE          reduce using rule 9 (print -> PRINTLN LPAREN data RPAREN .)


state 148

    (12) exec -> FUN ID LPAREN funcionparametro RPAREN COLON data LBRACE RETURN ID RBRACE .

    $end            reduce using rule 12 (exec -> FUN ID LPAREN funcionparametro RPAREN COLON data LBRACE RETURN ID RBRACE .)


state 149

    (23) exec -> IF LPAREN ID comparation NUMBER RPAREN LBRACE option RBRACE ELSE LBRACE . option RBRACE
    (19) option -> . assignment
    (20) option -> . assignmentL
    (21) option -> . printDW
    (24) assignment -> . vas ID ASSIGN data
    (25) assignmentL -> . assignmentL assignment
    (26) assignmentL -> . assignment
    (10) printDW -> . print
    (11) printDW -> . print printDW
    (27) vas -> . VAL
    (28) vas -> . VAR
    (9) print -> . PRINTLN LPAREN data RPAREN

    VAL             shift and go to state 43
    VAR             shift and go to state 44
    PRINTLN         shift and go to state 109

    option                         shift and go to state 156
    assignment                     shift and go to state 104
    assignmentL                    shift and go to state 105
    printDW                        shift and go to state 106
    vas                            shift and go to state 107
    print                          shift and go to state 108

state 150

    (33) listadostring -> STRING .

    COMMA           reduce using rule 33 (listadostring -> STRING .)
    RPAREN          reduce using rule 33 (listadostring -> STRING .)


state 151

    (31) liststring -> STRING GT ASSIGN listof LPAREN listadostringproduccion .

    RPAREN          reduce using rule 31 (liststring -> STRING GT ASSIGN listof LPAREN listadostringproduccion .)


state 152

    (34) listadostringproduccion -> listadostring .
    (35) listadostringproduccion -> listadostring . COMMA listadostringproduccion

    RPAREN          reduce using rule 34 (listadostringproduccion -> listadostring .)
    COMMA           shift and go to state 157


state 153

    (36) listadoint -> NUMBER .

    COMMA           reduce using rule 36 (listadoint -> NUMBER .)
    RPAREN          reduce using rule 36 (listadoint -> NUMBER .)


state 154

    (32) liststring -> NUMBER GT ASSIGN listof LPAREN listadointproduccion .

    RPAREN          reduce using rule 32 (liststring -> NUMBER GT ASSIGN listof LPAREN listadointproduccion .)


state 155

    (37) listadointproduccion -> listadoint .
    (38) listadointproduccion -> listadoint . COMMA listadointproduccion

    RPAREN          reduce using rule 37 (listadointproduccion -> listadoint .)
    COMMA           shift and go to state 158


state 156

    (23) exec -> IF LPAREN ID comparation NUMBER RPAREN LBRACE option RBRACE ELSE LBRACE option . RBRACE

    RBRACE          shift and go to state 159


state 157

    (35) listadostringproduccion -> listadostring COMMA . listadostringproduccion
    (34) listadostringproduccion -> . listadostring
    (35) listadostringproduccion -> . listadostring COMMA listadostringproduccion
    (33) listadostring -> . STRING

    STRING          shift and go to state 150

    listadostring                  shift and go to state 152
    listadostringproduccion        shift and go to state 160

state 158

    (38) listadointproduccion -> listadoint COMMA . listadointproduccion
    (37) listadointproduccion -> . listadoint
    (38) listadointproduccion -> . listadoint COMMA listadointproduccion
    (36) listadoint -> . NUMBER

    NUMBER          shift and go to state 153

    listadoint                     shift and go to state 155
    listadointproduccion           shift and go to state 161

state 159

    (23) exec -> IF LPAREN ID comparation NUMBER RPAREN LBRACE option RBRACE ELSE LBRACE option RBRACE .

    $end            reduce using rule 23 (exec -> IF LPAREN ID comparation NUMBER RPAREN LBRACE option RBRACE ELSE LBRACE option RBRACE .)


state 160

    (35) listadostringproduccion -> listadostring COMMA listadostringproduccion .

    RPAREN          reduce using rule 35 (listadostringproduccion -> listadostring COMMA listadostringproduccion .)


state 161

    (38) listadointproduccion -> listadoint COMMA listadointproduccion .

    RPAREN          reduce using rule 38 (listadointproduccion -> listadoint COMMA listadointproduccion .)

WARNING: 
WARNING: Conflicts:
WARNING: 
WARNING: shift/reduce conflict for RPAREN in state 46 resolved as shift
WARNING: reduce/reduce conflict in state 104 resolved using rule (option -> assignment)
WARNING: rejected rule (assignmentL -> assignment) in state 104
